<?xml version="1.0" encoding="UTF-8"?>
<!-- Generated by org.testng.reporters.JUnitXMLReporter -->
<testsuite ignored="0" hostname="Rishu" failures="0" tests="8" name="Test" time="79.441" errors="0" timestamp="2024-01-15T02:27:39 IST">
  <testcase classname="FlipkartAutomate.AutomationEcommerce.FlipkartTestChrome" name="closeLogin" time="0.971"/>
  <testcase classname="FlipkartAutomate.AutomationEcommerce.FlipkartTestChrome" name="scroll" time="6.908"/>
  <testcase classname="FlipkartAutomate.AutomationEcommerce.FlipkartTestChrome" name="searchIphone13" time="10.172"/>
  <testcase classname="FlipkartAutomate.AutomationEcommerce.FlipkartTestChrome" name="loadImage" time="39.899"/>
  <testcase classname="FlipkartAutomate.AutomationEcommerce.FlipkartTestChrome" name="scrollFrequency" time="2.604"/>
  <testcase classname="FlipkartAutomate.AutomationEcommerce.FlipkartTestChrome" name="downloadImages" time="0.292"/>
  <testcase classname="FlipkartAutomate.AutomationEcommerce.FlipkartTestChrome" name="screenResolution" time="8.085"/>
  <testcase classname="FlipkartAutomate.AutomationEcommerce.AppTest" name="testApp" time="0.005"/>
</testsuite> <!-- Test -->
