<?xml version="1.0" encoding="UTF-8"?>
<!-- Generated by org.testng.reporters.JUnitXMLReporter -->
<testsuite ignored="0" hostname="Rishu" failures="0" tests="7" name="Default test" time="116.808" errors="0" timestamp="2024-01-15T02:22:51 IST">
  <testcase classname="FlipkartAutomate.AutomationEcommerce.FlipkartTestEdge" name="closeLogin" time="0.729"/>
  <testcase classname="FlipkartAutomate.AutomationEcommerce.FlipkartTestEdge" name="scroll" time="6.517"/>
  <testcase classname="FlipkartAutomate.AutomationEcommerce.FlipkartTestEdge" name="searchIphone13" time="11.958"/>
  <testcase classname="FlipkartAutomate.AutomationEcommerce.FlipkartTestEdge" name="loadImage" time="75.563"/>
  <testcase classname="FlipkartAutomate.AutomationEcommerce.FlipkartTestEdge" name="scrollFrequency" time="2.577"/>
  <testcase classname="FlipkartAutomate.AutomationEcommerce.FlipkartTestEdge" name="downloadImages" time="0.395"/>
  <testcase classname="FlipkartAutomate.AutomationEcommerce.FlipkartTestEdge" name="screenResolution" time="8.099"/>
</testsuite> <!-- Default test -->
